39
19 from Motifs 327 selected
Known RBPs done....1 1
1ARB
ENSP00000311221_233-283	30
ENSP00000311221_233-28330
ENSP00000311221_56-107	23
ENSP00000311221_56-10723
ENSP00000311221_233-283	32
ENSP00000311221_233-28332
ENSP00000429173_25-76	4
ENSP00000429173_25-764
ENSP00000429173_25-76	13
ENSP00000429173_25-7613
ENSP00000359645_170-220	7
ENSP00000359645_170-2207
ENSP00000357215_8-58	13
ENSP00000357215_8-5813
ENSP00000429173_25-76	29
ENSP00000429173_25-7629
ENSP00000337926_586-638	9
ENSP00000337926_586-6389
ENSP00000375863_3-54	28
ENSP00000375863_3-5428
ENSP00000354085_1701-1752	4
ENSP00000354085_1701-17524
ENSP00000429173_25-76	11
ENSP00000429173_25-7611
ENSP00000375863_3-54	1
ENSP00000375863_3-541
ENSP00000311221_56-107	3
ENSP00000311221_56-1073
ENSP00000325376_30-81	9
ENSP00000325376_30-819
ENSP00000375863_3-54	20
ENSP00000375863_3-5420
ENSP00000429173_25-76	15
ENSP00000429173_25-7615
ENSP00000319104_1226-1282	10
ENSP00000319104_1226-128210
ENSP00000429173_25-76	20
ENSP00000429173_25-7620
ENSP00000325376_30-81	28
ENSP00000325376_30-8128
ENSP00000380414_141-191	8
ENSP00000380414_141-1918
ENSP00000236980_636-692	19
ENSP00000236980_636-69219
ENSP00000437886_261-336	17
ENSP00000437886_261-33617
ENSP00000429173_25-76	19
ENSP00000429173_25-7619
ENSP00000319104_1226-1282	19
ENSP00000319104_1226-128219
ENSP00000429173_25-76	18
ENSP00000429173_25-7618
ENSP00000433403_179-228	11
ENSP00000433403_179-22811
ENSP00000433403_179-228	15
ENSP00000433403_179-22815
ENSP00000264669_408-478	17
ENSP00000264669_408-47817
ENSP00000429173_25-76	12
ENSP00000429173_25-7612
ENSP00000375836_586-637	4
ENSP00000375836_586-6374
ENSP00000307633_260-311	9
ENSP00000307633_260-3119
ENSP00000311221_233-283	0
ENSP00000311221_233-2830
ENSP00000221494_41-91	9
ENSP00000221494_41-919
ENSP00000338173_826-876	16
ENSP00000338173_826-87616
ENSP00000354085_1701-1752	3
ENSP00000354085_1701-17523
ENSP00000429173_25-76	16
ENSP00000429173_25-7616
ENSP00000311221_56-107	32
ENSP00000311221_56-10732
ENSP00000433403_179-228	16
ENSP00000433403_179-22816
execute Rscript
done
create profile...
Pfam substituted
create Immage...